{"t":{"$date":"2023-05-06T02:35:52.527+00:00"},"s":"I",  "c":"CONTROL",  "id":23285,   "ctx":"main","msg":"Automatically disabling TLS 1.0, to force-enable TLS 1.0 specify --sslDisabledProtocols 'none'"}
{"t":{"$date":"2023-05-06T02:35:52.538+00:00"},"s":"W",  "c":"ASIO",     "id":22601,   "ctx":"main","msg":"No TransportLayer configured during NetworkInterface startup"}
{"t":{"$date":"2023-05-06T02:35:52.538+00:00"},"s":"I",  "c":"NETWORK",  "id":4648601, "ctx":"main","msg":"Implicit TCP FastOpen unavailable. If TCP FastOpen is required, set tcpFastOpenServer, tcpFastOpenClient, and tcpFastOpenQueueSize."}
{"t":{"$date":"2023-05-06T02:35:52.540+00:00"},"s":"I",  "c":"STORAGE",  "id":4615611, "ctx":"initandlisten","msg":"MongoDB starting","attr":{"pid":1,"port":27017,"dbPath":"/data/db","architecture":"64-bit","host":"2ce5a66ff178"}}
{"t":{"$date":"2023-05-06T02:35:52.540+00:00"},"s":"I",  "c":"CONTROL",  "id":23403,   "ctx":"initandlisten","msg":"Build Info","attr":{"buildInfo":{"version":"4.4.2","gitVersion":"15e73dc5738d2278b688f8929aee605fe4279b0e","openSSLVersion":"OpenSSL 1.1.1  11 Sep 2018","modules":[],"allocator":"tcmalloc","environment":{"distmod":"ubuntu1804","distarch":"x86_64","target_arch":"x86_64"}}}}
{"t":{"$date":"2023-05-06T02:35:52.540+00:00"},"s":"I",  "c":"CONTROL",  "id":51765,   "ctx":"initandlisten","msg":"Operating System","attr":{"os":{"name":"Ubuntu","version":"18.04"}}}
{"t":{"$date":"2023-05-06T02:35:52.541+00:00"},"s":"I",  "c":"CONTROL",  "id":21951,   "ctx":"initandlisten","msg":"Options set by command line","attr":{"options":{"config":"/etc/mongod.conf","net":{"bindIp":"*","port":27017},"processManagement":{"timeZoneInfo":"/usr/share/zoneinfo"},"security":{"authorization":"enabled"},"storage":{"dbPath":"/data/db","journal":{"enabled":true}},"systemLog":{"destination":"file","logAppend":true,"path":"/var/log/mongodb/mongod.log"}}}}
{"t":{"$date":"2023-05-06T02:35:52.552+00:00"},"s":"I",  "c":"STORAGE",  "id":22270,   "ctx":"initandlisten","msg":"Storage engine to use detected by data files","attr":{"dbpath":"/data/db","storageEngine":"wiredTiger"}}
{"t":{"$date":"2023-05-06T02:35:52.559+00:00"},"s":"I",  "c":"STORAGE",  "id":22315,   "ctx":"initandlisten","msg":"Opening WiredTiger","attr":{"config":"create,cache_size=3441M,session_max=33000,eviction=(threads_min=4,threads_max=4),config_base=false,statistics=(fast),log=(enabled=true,archive=true,path=journal,compressor=snappy),file_manager=(close_idle_time=100000,close_scan_interval=10,close_handle_minimum=250),statistics_log=(wait=0),verbose=[recovery_progress,checkpoint_progress,compact_progress],"}}
{"t":{"$date":"2023-05-06T02:35:53.476+00:00"},"s":"E",  "c":"STORAGE",  "id":22435,   "ctx":"initandlisten","msg":"WiredTiger error","attr":{"error":95,"message":"[1683340553:476233][1:0x7f692c105ac0], connection: __posix_std_fallocate, 58: /data/db/journal/WiredTigerTmplog.0000000001: fallocate:: Operation not supported"}}
{"t":{"$date":"2023-05-06T02:35:53.476+00:00"},"s":"E",  "c":"STORAGE",  "id":22435,   "ctx":"initandlisten","msg":"WiredTiger error","attr":{"error":95,"message":"[1683340553:476570][1:0x7f692c105ac0], connection: __posix_sys_fallocate, 75: /data/db/journal/WiredTigerTmplog.0000000001: fallocate:: Operation not supported"}}
{"t":{"$date":"2023-05-06T02:35:58.998+00:00"},"s":"I",  "c":"STORAGE",  "id":22430,   "ctx":"initandlisten","msg":"WiredTiger message","attr":{"message":"[1683340558:998144][1:0x7f692c105ac0], txn-recover: [WT_VERB_RECOVERY_PROGRESS] Recovering log 1 through 2"}}
{"t":{"$date":"2023-05-06T02:36:00.297+00:00"},"s":"I",  "c":"STORAGE",  "id":22430,   "ctx":"initandlisten","msg":"WiredTiger message","attr":{"message":"[1683340560:297397][1:0x7f692c105ac0], txn-recover: [WT_VERB_RECOVERY_PROGRESS] Recovering log 2 through 2"}}
{"t":{"$date":"2023-05-06T02:36:01.462+00:00"},"s":"I",  "c":"STORAGE",  "id":22430,   "ctx":"initandlisten","msg":"WiredTiger message","attr":{"message":"[1683340561:462470][1:0x7f692c105ac0], txn-recover: [WT_VERB_RECOVERY | WT_VERB_RECOVERY_PROGRESS] Main recovery loop: starting at 1/29696 to 2/256"}}
{"t":{"$date":"2023-05-06T02:36:03.750+00:00"},"s":"I",  "c":"STORAGE",  "id":22430,   "ctx":"initandlisten","msg":"WiredTiger message","attr":{"message":"[1683340563:750381][1:0x7f692c105ac0], txn-recover: [WT_VERB_RECOVERY_PROGRESS] Recovering log 1 through 2"}}
{"t":{"$date":"2023-05-06T02:36:04.949+00:00"},"s":"I",  "c":"STORAGE",  "id":22430,   "ctx":"initandlisten","msg":"WiredTiger message","attr":{"message":"[1683340564:949793][1:0x7f692c105ac0], txn-recover: [WT_VERB_RECOVERY_PROGRESS] Recovering log 2 through 2"}}
{"t":{"$date":"2023-05-06T02:36:06.090+00:00"},"s":"I",  "c":"STORAGE",  "id":22430,   "ctx":"initandlisten","msg":"WiredTiger message","attr":{"message":"[1683340566:90775][1:0x7f692c105ac0], txn-recover: [WT_VERB_RECOVERY | WT_VERB_RECOVERY_PROGRESS] Set global recovery timestamp: (0, 0)"}}
{"t":{"$date":"2023-05-06T02:36:06.091+00:00"},"s":"I",  "c":"STORAGE",  "id":22430,   "ctx":"initandlisten","msg":"WiredTiger message","attr":{"message":"[1683340566:91053][1:0x7f692c105ac0], txn-recover: [WT_VERB_RECOVERY | WT_VERB_RECOVERY_PROGRESS] Set global oldest timestamp: (0, 0)"}}
{"t":{"$date":"2023-05-06T02:36:06.313+00:00"},"s":"I",  "c":"STORAGE",  "id":4795906, "ctx":"initandlisten","msg":"WiredTiger opened","attr":{"durationMillis":13754}}
{"t":{"$date":"2023-05-06T02:36:06.313+00:00"},"s":"I",  "c":"RECOVERY", "id":23987,   "ctx":"initandlisten","msg":"WiredTiger recoveryTimestamp","attr":{"recoveryTimestamp":{"$timestamp":{"t":0,"i":0}}}}
{"t":{"$date":"2023-05-06T02:36:06.315+00:00"},"s":"I",  "c":"STORAGE",  "id":4366408, "ctx":"initandlisten","msg":"No table logging settings modifications are required for existing WiredTiger tables","attr":{"loggingEnabled":true}}
{"t":{"$date":"2023-05-06T02:36:06.316+00:00"},"s":"I",  "c":"STORAGE",  "id":22262,   "ctx":"initandlisten","msg":"Timestamp monitor starting"}
{"t":{"$date":"2023-05-06T02:36:06.344+00:00"},"s":"E",  "c":"STORAGE",  "id":22435,   "ctx":"thread1","msg":"WiredTiger error","attr":{"error":95,"message":"[1683340566:344787][1:0x7f69223fb700], log-server: __posix_std_fallocate, 58: /data/db/journal/WiredTigerTmplog.0000000002: fallocate:: Operation not supported"}}
{"t":{"$date":"2023-05-06T02:36:06.356+00:00"},"s":"E",  "c":"STORAGE",  "id":22435,   "ctx":"thread1","msg":"WiredTiger error","attr":{"error":95,"message":"[1683340566:356198][1:0x7f69223fb700], log-server: __posix_sys_fallocate, 75: /data/db/journal/WiredTigerTmplog.0000000002: fallocate:: Operation not supported"}}
{"t":{"$date":"2023-05-06T02:36:06.367+00:00"},"s":"W",  "c":"CONTROL",  "id":22178,   "ctx":"initandlisten","msg":"/sys/kernel/mm/transparent_hugepage/enabled is 'always'. We suggest setting it to 'never'","tags":["startupWarnings"]}
{"t":{"$date":"2023-05-06T02:36:06.374+00:00"},"s":"I",  "c":"STORAGE",  "id":20536,   "ctx":"initandlisten","msg":"Flow Control is enabled on this deployment"}
{"t":{"$date":"2023-05-06T02:36:06.377+00:00"},"s":"I",  "c":"FTDC",     "id":20625,   "ctx":"initandlisten","msg":"Initializing full-time diagnostic data capture","attr":{"dataDirectory":"/data/db/diagnostic.data"}}
{"t":{"$date":"2023-05-06T02:36:06.380+00:00"},"s":"I",  "c":"NETWORK",  "id":23015,   "ctx":"listener","msg":"Listening on","attr":{"address":"/tmp/mongodb-27017.sock"}}
{"t":{"$date":"2023-05-06T02:36:06.380+00:00"},"s":"I",  "c":"NETWORK",  "id":23015,   "ctx":"listener","msg":"Listening on","attr":{"address":"0.0.0.0"}}
{"t":{"$date":"2023-05-06T02:36:06.380+00:00"},"s":"I",  "c":"NETWORK",  "id":23016,   "ctx":"listener","msg":"Waiting for connections","attr":{"port":27017,"ssl":"off"}}
{"t":{"$date":"2023-05-06T02:36:11.815+00:00"},"s":"E",  "c":"STORAGE",  "id":22435,   "ctx":"thread1","msg":"WiredTiger error","attr":{"error":95,"message":"[1683340571:815623][1:0x7f69223fb700], log-server: __posix_std_fallocate, 58: /data/db/journal/WiredTigerTmplog.0000000003: fallocate:: Operation not supported"}}
{"t":{"$date":"2023-05-06T02:36:11.816+00:00"},"s":"E",  "c":"STORAGE",  "id":22435,   "ctx":"thread1","msg":"WiredTiger error","attr":{"error":95,"message":"[1683340571:816379][1:0x7f69223fb700], log-server: __posix_sys_fallocate, 75: /data/db/journal/WiredTigerTmplog.0000000003: fallocate:: Operation not supported"}}
